<?xml version="1.0" encoding="UTF-8"?>
<!-- Generated by org.testng.reporters.JUnitReportReporter -->
<testsuite hostname="DESKTOP-Q0O44GO" failures="0" tests="1" name="com.EbankingTestCase.CreateNewAccount" time="1.102" errors="0" timestamp="2022-01-04T13:39:35 CST" skipped="0">
  <testcase classname="com.EbankingTestCase.CreateNewAccount" name="createNewAccount" time="1.102"/>
</testsuite> <!-- com.EbankingTestCase.CreateNewAccount -->
